./scripts/build_portable.py:12:1: F401 'sys' imported but unused
./scripts/build_portable.py:29:11: F541 f-string is missing placeholders
./scripts/build_portable.py:73:15: F541 f-string is missing placeholders
./scripts/generate_remediation.py:41:1: F401 'typing.Union' imported but unused
./scripts/refactoring/fix_excepts.py:1:1: F401 're' imported but unused
./scripts/refactoring/fix_excepts.py:2:1: F401 'sys' imported but unused
./scripts/refactoring/fix_excepts.py:7:9: F841 local variable 'content' is assigned to but never used
./scripts/refactoring/fix_flake8.py:1:1: F401 'fileinput' imported but unused
./scripts/refactoring/fix_rem.py:1:1: F401 're' imported but unused
./test_sqlite.py:17:5: F841 local variable 'id1' is assigned to but never used
./tests/test_core/test_config.py:16:1: F401 'unittest.mock.MagicMock' imported but unused
./tests/test_core/test_config.py:16:1: F401 'unittest.mock.patch' imported but unused
./tests/test_evidence/test_manager.py:12:1: F401 'datetime.datetime' imported but unused
./tests/test_evidence/test_manager.py:12:1: F401 'datetime.timezone' imported but unused
./tests/test_evidence/test_manager.py:16:1: F401 'stig_assessor.evidence.models.EvidenceMeta' imported but unused
./tests/test_history/test_manager.py:14:1: F401 'stig_assessor.history.models.Hist' imported but unused
./tests/test_history/test_manager.py:214:9: F401 'time' imported but unused
./tests/test_history/test_manager.py:235:13: F841 local variable 'has_compressed' is assigned to but never used
./tests/test_history/test_sqlite_store.py:143:9: F841 local variable 'aid1' is assigned to but never used
./tests/test_integration/test_e2e_ui.py:7:1: F401 'unittest.mock.MagicMock' imported but unused
./tests/test_integration/test_e2e_ui.py:149:23: E741 ambiguous variable name 'l'
./tests/test_integration/test_e2e_ui.py:182:17: F841 local variable 'validate_complete' is assigned to but never used
./tests/test_integration/test_poam_bulk.py:2:1: F401 'pathlib.Path' imported but unused
./tests/test_integration/test_poam_bulk.py:6:1: E302 expected 2 blank lines, found 1
./tests/test_integration/test_poam_bulk.py:47:1: E302 expected 2 blank lines, found 1
./tests/test_integration/test_poam_bulk.py:57:1: E302 expected 2 blank lines, found 1
./tests/test_integration/test_poam_bulk.py:88:1: E302 expected 2 blank lines, found 1
./tests/test_integration/test_workflows.py:13:1: F401 'json' imported but unused
./tests/test_io/test_file_ops.py:12:1: F401 'os' imported but unused
./tests/test_io/test_file_ops.py:16:1: F401 'xml.etree.ElementTree as ET' imported but unused
./tests/test_io/test_file_ops.py:18:1: F401 'typing.Optional' imported but unused
./tests/test_io/test_file_ops.py:20:1: F401 'stig_assessor.exceptions.ParseError' imported but unused
./tests/test_io/test_file_ops.py:331:38: F841 local variable 'f' is assigned to but never used
./tests/test_io/test_file_ops.py:354:9: F841 local variable 'result' is assigned to but never used
./tests/test_performance/test_benchmarks.py:124:9: F841 local variable 'ckl_path' is assigned to but never used
./tests/test_performance/test_benchmarks.py:142:9: F841 local variable 'ckl_path' is assigned to but never used
./tests/test_performance/test_benchmarks.py:168:9: F841 local variable 'files' is assigned to but never used
./tests/test_performance/test_benchmarks.py:185:9: F841 local variable 'files' is assigned to but never used
./tests/test_performance/test_benchmarks.py:211:9: F841 local variable 'ckl_path' is assigned to but never used
./tests/test_performance/test_benchmarks.py:260:9: F841 local variable 'ckl_path' is assigned to but never used
./tests/test_remediation/test_extractor.py:6:1: F401 'unittest.mock.MagicMock' imported but unused
./tests/test_remediation/test_extractor.py:6:1: F401 'unittest.mock.Mock' imported but unused
./tests/test_remediation/test_extractor.py:6:1: F401 'unittest.mock.patch' imported but unused
./tests/test_templates/test_boilerplate.py:22:1: F401 'stig_assessor.exceptions.FileError' imported but unused
./tests/test_ui/test_api.py:4:1: F401 'json' imported but unused
./tests/test_ui/test_api.py:5:1: F401 'shutil' imported but unused
./tests/test_ui/test_api.py:8:1: F401 'xml.etree.ElementTree as ET' imported but unused
./tests/test_ui/test_api.py:12:1: F401 'stig_assessor.core.state.GLOBAL_STATE' imported but unused
./tests/test_ui/test_api.py:13:1: F401 'stig_assessor.ui.web.api.handle_stats' imported but unused
./tests/test_utils.py:12:1: F401 'shutil' imported but unused
./tests/test_utils.py:13:1: F401 'tempfile' imported but unused
./tests/test_utils.py:16:1: F401 'typing.Generator' imported but unused
