[2026-04-10 10:47:07] [INFO    ] No boilerplate file found, using defaults
[2026-04-10 10:47:36] [INFO    ] Loaded 1 boilerplate templates
[2026-04-10 10:47:49] [INFO    ] Loaded 1 boilerplate templates
[2026-04-10 10:57:19] [INFO    ] Loaded 1 boilerplate templates
[2026-04-10 10:58:22] [INFO    ] Loaded 1 boilerplate templates
[2026-04-10 10:58:40] [INFO    ] Loaded 1 boilerplate templates
[2026-04-10 10:59:33] [INFO    ] Loaded 1 boilerplate templates
[2026-04-10 11:00:03] [INFO    ] Loaded 1 boilerplate templates
[2026-04-10 11:00:10] [INFO    ] Loaded 1 boilerplate templates
[2026-04-10 11:00:11] [INFO    ] [op=import_evidence, vid=V-123456] Importing evidence for V-123456: C:\Users\Madden\AppData\Local\Temp\tmp5fqdw_w5\test1.txt
[2026-04-10 11:00:11] [INFO    ] [op=import_evidence, vid=V-123456] Evidence imported to C:\Users\Madden\AppData\Local\Temp\tmp5fqdw_w5\evidence\V-123456\20260410_160011_test1.txt
[2026-04-10 11:00:11] [INFO    ] [op=import_evidence, vid=V-789012] Importing evidence for V-789012: C:\Users\Madden\AppData\Local\Temp\tmp5fqdw_w5\test2.txt
[2026-04-10 11:00:11] [INFO    ] [op=import_evidence, vid=V-789012] Evidence imported to C:\Users\Madden\AppData\Local\Temp\tmp5fqdw_w5\evidence\V-789012\20260410_160011_test2.txt
[2026-04-10 11:00:11] [INFO    ] [op=export_evidence] Exporting evidence to C:\Users\Madden\AppData\Local\Temp\tmp5fqdw_w5\export
[2026-04-10 11:00:11] [INFO    ] [op=export_evidence] Exported 2 evidence files
[2026-04-10 11:00:11] [INFO    ] [op=export_evidence] Exporting evidence to C:\Users\Madden\AppData\Local\Temp\tmpi7p60xo0\export
[2026-04-10 11:00:11] [INFO    ] [op=export_evidence] Exported 0 evidence files
[2026-04-10 11:00:11] [INFO    ] [op=import_evidence, vid=V-123456] Importing evidence for V-123456: C:\Users\Madden\AppData\Local\Temp\tmp9ao9f9z7\test1.txt
[2026-04-10 11:00:11] [INFO    ] [op=import_evidence, vid=V-123456] Evidence imported to C:\Users\Madden\AppData\Local\Temp\tmp9ao9f9z7\evidence\V-123456\20260410_160011_test1.txt
[2026-04-10 11:00:11] [INFO    ] [op=import_evidence, vid=V-123456] Importing evidence for V-123456: C:\Users\Madden\AppData\Local\Temp\tmp9ao9f9z7\test3.txt
[2026-04-10 11:00:11] [WARNING ] [op=import_evidence, vid=V-123456] Duplicate evidence detected (by hash), skipping copy
[2026-04-10 11:00:11] [INFO    ] [op=import_evidence, vid=V-123456] Importing evidence for V-123456: C:\Users\Madden\AppData\Local\Temp\tmpnd1_zfpw\test1.txt
[2026-04-10 11:00:11] [INFO    ] [op=import_evidence, vid=V-123456] Evidence imported to C:\Users\Madden\AppData\Local\Temp\tmpnd1_zfpw\evidence\V-123456\20260410_160011_test1.txt
[2026-04-10 11:00:11] [INFO    ] [op=import_evidence, vid=V-789012] Importing evidence for V-789012: C:\Users\Madden\AppData\Local\Temp\tmpnd1_zfpw\test2.txt
[2026-04-10 11:00:11] [INFO    ] [op=import_evidence, vid=V-789012] Evidence imported to C:\Users\Madden\AppData\Local\Temp\tmpnd1_zfpw\evidence\V-789012\20260410_160011_test2.txt
[2026-04-10 11:00:11] [INFO    ] [op=import_evidence, vid=V-123456] Importing evidence for V-123456: C:\Users\Madden\AppData\Local\Temp\tmpa7w5b1_8\test1.txt
[2026-04-10 11:00:11] [INFO    ] [op=import_evidence, vid=V-123456] Evidence imported to C:\Users\Madden\AppData\Local\Temp\tmpa7w5b1_8\evidence\V-123456\20260410_160011_test1.txt
[2026-04-10 11:00:11] [INFO    ] [op=import_evidence, vid=V-123456] Importing evidence for V-123456: C:\Users\Madden\AppData\Local\Temp\tmpa7w5b1_8\test1.txt
[2026-04-10 11:00:11] [WARNING ] [op=import_evidence, vid=V-123456] Duplicate evidence detected (by hash), skipping copy
[2026-04-10 11:00:11] [INFO    ] [op=import_evidence, vid=V-123456] Importing evidence for V-123456: C:\Users\Madden\AppData\Local\Temp\tmpcerczc64\test1.txt
[2026-04-10 11:00:11] [INFO    ] [op=import_evidence, vid=V-123456] Evidence imported to C:\Users\Madden\AppData\Local\Temp\tmpcerczc64\evidence\V-123456\20260410_160011_test1.txt
[2026-04-10 11:00:11] [INFO    ] [op=import_evidence, vid=V-123456] Importing evidence for V-123456: C:\Users\Madden\AppData\Local\Temp\tmpjabl6uzi\test1.txt
[2026-04-10 11:00:11] [INFO    ] [op=import_evidence, vid=V-123456] Evidence imported to C:\Users\Madden\AppData\Local\Temp\tmpjabl6uzi\evidence\V-123456\20260410_160011_test1.txt
[2026-04-10 11:00:11] [INFO    ] [op=import_evidence, vid=V-123456] Importing evidence for V-123456: C:\Users\Madden\AppData\Local\Temp\tmpjabl6uzi\test2.txt
[2026-04-10 11:00:11] [INFO    ] [op=import_evidence, vid=V-123456] Evidence imported to C:\Users\Madden\AppData\Local\Temp\tmpjabl6uzi\evidence\V-123456\20260410_160011_test2.txt
[2026-04-10 11:00:11] [INFO    ] [op=import_evidence, vid=V-123456] Importing evidence for V-123456: C:\Users\Madden\AppData\Local\Temp\tmp0noavu3y\test1.txt
[2026-04-10 11:00:11] [INFO    ] [op=import_evidence, vid=V-123456] Evidence imported to C:\Users\Madden\AppData\Local\Temp\tmp0noavu3y\evidence\V-123456\20260410_160011_test1.txt
[2026-04-10 11:00:11] [INFO    ] [op=import_evidence, vid=V-789012] Importing evidence for V-789012: C:\Users\Madden\AppData\Local\Temp\tmp0noavu3y\test2.txt
[2026-04-10 11:00:11] [INFO    ] [op=import_evidence, vid=V-789012] Evidence imported to C:\Users\Madden\AppData\Local\Temp\tmp0noavu3y\evidence\V-789012\20260410_160011_test2.txt
[2026-04-10 11:00:11] [INFO    ] [op=package_evidence] Packaging evidence into C:\Users\Madden\AppData\Local\Temp\tmp0noavu3y\evidence.zip
[2026-04-10 11:00:11] [INFO    ] [op=package_evidence] Created ZIP archive with 3 files
[2026-04-10 11:00:11] [INFO    ] [op=package_evidence] Evidence package created: C:\Users\Madden\AppData\Local\Temp\tmp0noavu3y\evidence.zip
[2026-04-10 11:00:11] [INFO    ] [op=import_evidence_package, file=evidence.zip] Importing evidence package
[2026-04-10 11:00:11] [INFO    ] [op=import_evidence, file=evidence.zip, vid=V-123456] Importing evidence for V-123456: C:\Users\Madden\AppData\Local\Temp\tmpdk6ts5dh\evidence\V-123456\20260410_160011_test1.txt
[2026-04-10 11:00:11] [INFO    ] [op=import_evidence, file=evidence.zip, vid=V-123456] Evidence imported to C:\Users\Madden\AppData\Local\Temp\tmp0noavu3y\evidence2\V-123456\20260410_160011_20260410_160011_test1.txt
[2026-04-10 11:00:11] [INFO    ] [op=import_evidence, file=evidence.zip, vid=V-789012] Importing evidence for V-789012: C:\Users\Madden\AppData\Local\Temp\tmpdk6ts5dh\evidence\V-789012\20260410_160011_test2.txt
[2026-04-10 11:00:11] [INFO    ] [op=import_evidence, file=evidence.zip, vid=V-789012] Evidence imported to C:\Users\Madden\AppData\Local\Temp\tmp0noavu3y\evidence2\V-789012\20260410_160011_20260410_160011_test2.txt
[2026-04-10 11:00:11] [INFO    ] [op=import_evidence_package, file=evidence.zip] Imported 2 evidence files from package
[2026-04-10 11:00:11] [INFO    ] [op=import_evidence_package, file=malicious.zip] Importing evidence package
[2026-04-10 11:00:11] [INFO    ] [op=import_evidence_package, file=malicious.zip] Importing evidence package
[2026-04-10 11:00:11] [INFO    ] [op=import_evidence, vid=V-123456] Importing evidence for V-123456: C:\Users\Madden\AppData\Local\Temp\tmp4a07mkb2\large.bin
[2026-04-10 11:00:11] [INFO    ] [op=import_evidence, vid=V-123456] Computing hash for large file (11534336 bytes)...
[2026-04-10 11:00:11] [INFO    ] [op=import_evidence, vid=V-123456] Evidence imported to C:\Users\Madden\AppData\Local\Temp\tmp4a07mkb2\evidence\V-123456\20260410_160011_large.bin
[2026-04-10 11:00:11] [INFO    ] [op=import_evidence, vid=V-123456] Importing evidence for V-123456: C:\Users\Madden\AppData\Local\Temp\tmpyrh8m8eb\test1.txt
[2026-04-10 11:00:11] [INFO    ] [op=import_evidence, vid=V-123456] Evidence imported to C:\Users\Madden\AppData\Local\Temp\tmpyrh8m8eb\evidence\V-123456\20260410_160011_test1.txt
[2026-04-10 11:00:11] [INFO    ] [op=import_evidence, vid=V-789012] Importing evidence for V-789012: C:\Users\Madden\AppData\Local\Temp\tmpyrh8m8eb\test2.txt
[2026-04-10 11:00:11] [INFO    ] [op=import_evidence, vid=V-789012] Evidence imported to C:\Users\Madden\AppData\Local\Temp\tmpyrh8m8eb\evidence\V-789012\20260410_160011_test2.txt
[2026-04-10 11:00:11] [INFO    ] [op=package_evidence] Packaging evidence into C:\Users\Madden\AppData\Local\Temp\tmpyrh8m8eb\evidence.zip
[2026-04-10 11:00:11] [INFO    ] [op=package_evidence] Created ZIP archive with 3 files
[2026-04-10 11:00:11] [INFO    ] [op=package_evidence] Evidence package created: C:\Users\Madden\AppData\Local\Temp\tmpyrh8m8eb\evidence.zip
[2026-04-10 11:00:11] [INFO    ] [op=import_evidence, vid=V-123456] Importing evidence for V-123456: C:\Users\Madden\AppData\Local\Temp\tmpgd4e2lrh\test1.txt
[2026-04-10 11:00:11] [INFO    ] [op=import_evidence, vid=V-123456] Evidence imported to C:\Users\Madden\AppData\Local\Temp\tmpgd4e2lrh\evidence\V-123456\20260410_160011_test1.txt
[2026-04-10 11:00:11] [INFO    ] [op=import_evidence, vid=V-123456] Importing evidence for V-123456: C:\Users\Madden\AppData\Local\Temp\tmp2n9mi_p0\test file (copy) #1.txt
[2026-04-10 11:00:11] [INFO    ] [op=import_evidence, vid=V-123456] Evidence imported to C:\Users\Madden\AppData\Local\Temp\tmp2n9mi_p0\evidence\V-123456\20260410_160011_test_file__copy___1.txt
[2026-04-10 11:00:11] [INFO    ] [op=import_evidence, vid=V-123456] Importing evidence for V-123456: C:\Users\Madden\AppData\Local\Temp\tmphpnya2nn\test1.txt
[2026-04-10 11:00:11] [INFO    ] [op=import_evidence, vid=V-123456] Evidence imported to C:\Users\Madden\AppData\Local\Temp\tmphpnya2nn\evidence\V-123456\20260410_160011_test1.txt
[2026-04-10 11:00:11] [INFO    ] [op=import_evidence, vid=V-123456] Importing evidence for V-123456: C:\Users\Madden\AppData\Local\Temp\tmphpnya2nn\test2.txt
[2026-04-10 11:00:11] [INFO    ] [op=import_evidence, vid=V-123456] Evidence imported to C:\Users\Madden\AppData\Local\Temp\tmphpnya2nn\evidence\V-123456\20260410_160011_test2.txt
[2026-04-10 11:00:11] [INFO    ] [op=import_evidence, vid=V-789012] Importing evidence for V-789012: C:\Users\Madden\AppData\Local\Temp\tmphpnya2nn\screenshot.png
[2026-04-10 11:00:11] [INFO    ] [op=import_evidence, vid=V-789012] Evidence imported to C:\Users\Madden\AppData\Local\Temp\tmphpnya2nn\evidence\V-789012\20260410_160011_screenshot.png
[2026-04-10 11:00:11] [WARNING ] Failed to add history for : validation error: Empty vulnerability ID
[2026-04-10 11:00:11] [INFO    ] Exported history for 0 vulnerabilities
[2026-04-10 11:00:11] [INFO    ] Exported history for 2 vulnerabilities
[2026-04-10 11:00:11] [INFO    ] Imported 1 history entries
[2026-04-10 11:00:11] [INFO    ] Exported history for 1 vulnerabilities
[2026-04-10 11:00:11] [INFO    ] Imported 2 history entries
[2026-04-10 11:00:11] [WARNING ] Invalid severity 'invalidseverity', defaulting to 'medium'
[2026-04-10 11:00:12] [WARNING ] Parsing without defusedxml - vulnerable to XML entity expansion attacks if file is malicious
[2026-04-10 11:00:12] [WARNING ] Parsing without defusedxml - vulnerable to XML entity expansion attacks if file is malicious
[2026-04-10 11:00:12] [INFO    ] [op=load_fix_results, file=test_results.json] Loading remediation results JSON
[2026-04-10 11:00:12] [INFO    ] [op=load_fix_results, file=test_results.json] Loaded 1 unique results from 1 total entries (skipped 0)
[2026-04-10 11:00:12] [INFO    ] [op=apply_results, file=out_create.ckl] Applying remediation results to checklist (1 vulns)
[2026-04-10 11:00:12] [WARNING ] [op=apply_results, file=out_create.ckl] Parsing without defusedxml - vulnerable to XML entity expansion attacks if file is malicious
[2026-04-10 11:00:12] [INFO    ] [op=apply_results, file=out_create.ckl] Checklist updated and saved to C:\Users\Madden\AppData\Local\Temp\stig_e2e_test_mkvc_4xd\out_updated.ckl
[2026-04-10 11:00:12] [WARNING ] Parsing without defusedxml - vulnerable to XML entity expansion attacks if file is malicious
[2026-04-10 11:00:12] [WARNING ] Parsing without defusedxml - vulnerable to XML entity expansion attacks if file is malicious
[2026-04-10 11:00:12] [INFO    ] Auto-resolved output path: C:\Users\Madden\AppData\Local\Temp\stig_e2e_test_mkvc_4xd\SMART_TEST_test_benchmark.ckl
[2026-04-10 11:00:12] [WARNING ] Parsing without defusedxml - vulnerable to XML entity expansion attacks if file is malicious
[2026-04-10 11:00:12] [WARNING ] Parsing without defusedxml - vulnerable to XML entity expansion attacks if file is malicious
[2026-04-10 11:00:13] [INFO    ] Restored from backup: C:\Users\Madden\Desktop\_Personal_GitHub_Repos\STIG_Script\.stig_home\.stig_assessor\backups\test_20260410_160013_164111.txt.bak
[2026-04-10 11:00:13] [WARNING ] Parsing without defusedxml - vulnerable to XML entity expansion attacks if file is malicious
[2026-04-10 11:00:13] [WARNING ] Parsing without defusedxml - vulnerable to XML entity expansion attacks if file is malicious
[2026-04-10 11:00:13] [INFO    ] Created ZIP archive with 2 files
[2026-04-10 11:00:13] [WARNING ] Skipping nonexistent1.txt: Not found: C:\Users\Madden\AppData\Local\Temp\tmpgw7qz7yz\nonexistent1.txt
[2026-04-10 11:00:13] [WARNING ] Skipping nonexistent2.txt: Not found: C:\Users\Madden\AppData\Local\Temp\tmpgw7qz7yz\nonexistent2.txt
[2026-04-10 11:00:13] [WARNING ] Skipping invalid.txt: Not found: C:\Users\Madden\AppData\Local\Temp\tmpq973e5pp\nonexistent.txt
[2026-04-10 11:00:13] [INFO    ] Created ZIP archive with 1 files
[2026-04-10 11:00:13] [INFO    ] Created ZIP archive with 1 files
[2026-04-10 11:00:13] [WARNING ] Parsing without defusedxml - vulnerable to XML entity expansion attacks if file is malicious
[2026-04-10 11:00:15] [WARNING ] Parsing without defusedxml - vulnerable to XML entity expansion attacks if file is malicious
[2026-04-10 11:00:15] [WARNING ] Parsing without defusedxml - vulnerable to XML entity expansion attacks if file is malicious
[2026-04-10 11:00:15] [WARNING ] Parsing without defusedxml - vulnerable to XML entity expansion attacks if file is malicious
[2026-04-10 11:00:15] [WARNING ] Parsing without defusedxml - vulnerable to XML entity expansion attacks if file is malicious
[2026-04-10 11:00:15] [WARNING ] Parsing without defusedxml - vulnerable to XML entity expansion attacks if file is malicious
[2026-04-10 11:00:15] [WARNING ] Parsing without defusedxml - vulnerable to XML entity expansion attacks if file is malicious
[2026-04-10 11:00:15] [WARNING ] Parsing without defusedxml - vulnerable to XML entity expansion attacks if file is malicious
[2026-04-10 11:00:15] [WARNING ] Parsing without defusedxml - vulnerable to XML entity expansion attacks if file is malicious
[2026-04-10 11:00:15] [WARNING ] Parsing without defusedxml - vulnerable to XML entity expansion attacks if file is malicious
[2026-04-10 11:00:15] [WARNING ] Parsing without defusedxml - vulnerable to XML entity expansion attacks if file is malicious
[2026-04-10 11:00:15] [WARNING ] Parsing without defusedxml - vulnerable to XML entity expansion attacks if file is malicious
[2026-04-10 11:00:15] [WARNING ] Parsing without defusedxml - vulnerable to XML entity expansion attacks if file is malicious
[2026-04-10 11:00:15] [WARNING ] Parsing without defusedxml - vulnerable to XML entity expansion attacks if file is malicious
[2026-04-10 11:00:15] [WARNING ] Parsing without defusedxml - vulnerable to XML entity expansion attacks if file is malicious
[2026-04-10 11:00:15] [WARNING ] Parsing without defusedxml - vulnerable to XML entity expansion attacks if file is malicious
[2026-04-10 11:00:15] [WARNING ] Parsing without defusedxml - vulnerable to XML entity expansion attacks if file is malicious
[2026-04-10 11:00:15] [WARNING ] Parsing without defusedxml - vulnerable to XML entity expansion attacks if file is malicious
[2026-04-10 11:00:15] [WARNING ] Parsing without defusedxml - vulnerable to XML entity expansion attacks if file is malicious
[2026-04-10 11:00:15] [WARNING ] Parsing without defusedxml - vulnerable to XML entity expansion attacks if file is malicious
[2026-04-10 11:00:15] [WARNING ] Parsing without defusedxml - vulnerable to XML entity expansion attacks if file is malicious
[2026-04-10 11:00:15] [WARNING ] Parsing without defusedxml - vulnerable to XML entity expansion attacks if file is malicious
[2026-04-10 11:00:15] [WARNING ] Parsing without defusedxml - vulnerable to XML entity expansion attacks if file is malicious
[2026-04-10 11:00:15] [WARNING ] Parsing without defusedxml - vulnerable to XML entity expansion attacks if file is malicious
[2026-04-10 11:00:15] [WARNING ] Parsing without defusedxml - vulnerable to XML entity expansion attacks if file is malicious
[2026-04-10 11:00:15] [WARNING ] Parsing without defusedxml - vulnerable to XML entity expansion attacks if file is malicious
[2026-04-10 11:00:15] [WARNING ] Parsing without defusedxml - vulnerable to XML entity expansion attacks if file is malicious
[2026-04-10 11:00:15] [WARNING ] Parsing without defusedxml - vulnerable to XML entity expansion attacks if file is malicious
[2026-04-10 11:00:15] [WARNING ] Parsing without defusedxml - vulnerable to XML entity expansion attacks if file is malicious
[2026-04-10 11:00:15] [WARNING ] Parsing without defusedxml - vulnerable to XML entity expansion attacks if file is malicious
[2026-04-10 11:00:15] [WARNING ] Parsing without defusedxml - vulnerable to XML entity expansion attacks if file is malicious
[2026-04-10 11:00:15] [WARNING ] Parsing without defusedxml - vulnerable to XML entity expansion attacks if file is malicious
[2026-04-10 11:00:15] [WARNING ] Parsing without defusedxml - vulnerable to XML entity expansion attacks if file is malicious
[2026-04-10 11:00:15] [WARNING ] Parsing without defusedxml - vulnerable to XML entity expansion attacks if file is malicious
[2026-04-10 11:00:15] [WARNING ] Parsing without defusedxml - vulnerable to XML entity expansion attacks if file is malicious
[2026-04-10 11:00:15] [WARNING ] Parsing without defusedxml - vulnerable to XML entity expansion attacks if file is malicious
[2026-04-10 11:00:15] [WARNING ] Parsing without defusedxml - vulnerable to XML entity expansion attacks if file is malicious
[2026-04-10 11:00:15] [WARNING ] Parsing without defusedxml - vulnerable to XML entity expansion attacks if file is malicious
[2026-04-10 11:00:15] [WARNING ] Parsing without defusedxml - vulnerable to XML entity expansion attacks if file is malicious
[2026-04-10 11:00:15] [WARNING ] Parsing without defusedxml - vulnerable to XML entity expansion attacks if file is malicious
[2026-04-10 11:00:15] [WARNING ] Parsing without defusedxml - vulnerable to XML entity expansion attacks if file is malicious
[2026-04-10 11:00:15] [WARNING ] Parsing without defusedxml - vulnerable to XML entity expansion attacks if file is malicious
[2026-04-10 11:00:15] [WARNING ] Parsing without defusedxml - vulnerable to XML entity expansion attacks if file is malicious
[2026-04-10 11:00:15] [WARNING ] Parsing without defusedxml - vulnerable to XML entity expansion attacks if file is malicious
[2026-04-10 11:00:15] [WARNING ] Parsing without defusedxml - vulnerable to XML entity expansion attacks if file is malicious
[2026-04-10 11:00:15] [WARNING ] Parsing without defusedxml - vulnerable to XML entity expansion attacks if file is malicious
[2026-04-10 11:00:15] [WARNING ] Parsing without defusedxml - vulnerable to XML entity expansion attacks if file is malicious
[2026-04-10 11:00:15] [WARNING ] Parsing without defusedxml - vulnerable to XML entity expansion attacks if file is malicious
[2026-04-10 11:00:15] [WARNING ] Parsing without defusedxml - vulnerable to XML entity expansion attacks if file is malicious
[2026-04-10 11:00:15] [WARNING ] Parsing without defusedxml - vulnerable to XML entity expansion attacks if file is malicious
[2026-04-10 11:00:15] [WARNING ] Parsing without defusedxml - vulnerable to XML entity expansion attacks if file is malicious
[2026-04-10 11:00:15] [WARNING ] Parsing without defusedxml - vulnerable to XML entity expansion attacks if file is malicious
[2026-04-10 11:00:15] [WARNING ] Parsing without defusedxml - vulnerable to XML entity expansion attacks if file is malicious
[2026-04-10 11:00:15] [WARNING ] Parsing without defusedxml - vulnerable to XML entity expansion attacks if file is malicious
[2026-04-10 11:00:15] [WARNING ] Parsing without defusedxml - vulnerable to XML entity expansion attacks if file is malicious
[2026-04-10 11:00:15] [WARNING ] Parsing without defusedxml - vulnerable to XML entity expansion attacks if file is malicious
[2026-04-10 11:00:15] [WARNING ] Parsing without defusedxml - vulnerable to XML entity expansion attacks if file is malicious
[2026-04-10 11:00:15] [WARNING ] Parsing without defusedxml - vulnerable to XML entity expansion attacks if file is malicious
[2026-04-10 11:00:15] [WARNING ] Parsing without defusedxml - vulnerable to XML entity expansion attacks if file is malicious
[2026-04-10 11:00:15] [WARNING ] Parsing without defusedxml - vulnerable to XML entity expansion attacks if file is malicious
[2026-04-10 11:00:15] [WARNING ] Parsing without defusedxml - vulnerable to XML entity expansion attacks if file is malicious
[2026-04-10 11:00:15] [WARNING ] Parsing without defusedxml - vulnerable to XML entity expansion attacks if file is malicious
[2026-04-10 11:00:15] [WARNING ] Parsing without defusedxml - vulnerable to XML entity expansion attacks if file is malicious
[2026-04-10 11:00:15] [WARNING ] Parsing without defusedxml - vulnerable to XML entity expansion attacks if file is malicious
[2026-04-10 11:00:15] [WARNING ] Parsing without defusedxml - vulnerable to XML entity expansion attacks if file is malicious
[2026-04-10 11:00:15] [WARNING ] Parsing without defusedxml - vulnerable to XML entity expansion attacks if file is malicious
[2026-04-10 11:00:15] [WARNING ] Parsing without defusedxml - vulnerable to XML entity expansion attacks if file is malicious
[2026-04-10 11:00:15] [WARNING ] Parsing without defusedxml - vulnerable to XML entity expansion attacks if file is malicious
[2026-04-10 11:00:15] [WARNING ] Parsing without defusedxml - vulnerable to XML entity expansion attacks if file is malicious
[2026-04-10 11:00:15] [WARNING ] Parsing without defusedxml - vulnerable to XML entity expansion attacks if file is malicious
[2026-04-10 11:00:15] [WARNING ] Parsing without defusedxml - vulnerable to XML entity expansion attacks if file is malicious
[2026-04-10 11:00:15] [WARNING ] Parsing without defusedxml - vulnerable to XML entity expansion attacks if file is malicious
[2026-04-10 11:00:15] [WARNING ] Parsing without defusedxml - vulnerable to XML entity expansion attacks if file is malicious
[2026-04-10 11:00:15] [WARNING ] Parsing without defusedxml - vulnerable to XML entity expansion attacks if file is malicious
[2026-04-10 11:00:15] [WARNING ] Parsing without defusedxml - vulnerable to XML entity expansion attacks if file is malicious
[2026-04-10 11:00:15] [WARNING ] Parsing without defusedxml - vulnerable to XML entity expansion attacks if file is malicious
[2026-04-10 11:00:15] [WARNING ] Parsing without defusedxml - vulnerable to XML entity expansion attacks if file is malicious
[2026-04-10 11:00:15] [WARNING ] Parsing without defusedxml - vulnerable to XML entity expansion attacks if file is malicious
[2026-04-10 11:00:15] [WARNING ] Parsing without defusedxml - vulnerable to XML entity expansion attacks if file is malicious
[2026-04-10 11:00:15] [WARNING ] Parsing without defusedxml - vulnerable to XML entity expansion attacks if file is malicious
[2026-04-10 11:00:15] [WARNING ] Parsing without defusedxml - vulnerable to XML entity expansion attacks if file is malicious
[2026-04-10 11:00:15] [WARNING ] Parsing without defusedxml - vulnerable to XML entity expansion attacks if file is malicious
[2026-04-10 11:00:15] [WARNING ] Parsing without defusedxml - vulnerable to XML entity expansion attacks if file is malicious
[2026-04-10 11:00:15] [WARNING ] Parsing without defusedxml - vulnerable to XML entity expansion attacks if file is malicious
[2026-04-10 11:00:15] [WARNING ] Parsing without defusedxml - vulnerable to XML entity expansion attacks if file is malicious
[2026-04-10 11:00:15] [WARNING ] Parsing without defusedxml - vulnerable to XML entity expansion attacks if file is malicious
[2026-04-10 11:00:15] [WARNING ] Parsing without defusedxml - vulnerable to XML entity expansion attacks if file is malicious
[2026-04-10 11:00:15] [WARNING ] Parsing without defusedxml - vulnerable to XML entity expansion attacks if file is malicious
[2026-04-10 11:00:15] [WARNING ] Parsing without defusedxml - vulnerable to XML entity expansion attacks if file is malicious
[2026-04-10 11:00:15] [WARNING ] Parsing without defusedxml - vulnerable to XML entity expansion attacks if file is malicious
[2026-04-10 11:00:15] [WARNING ] Parsing without defusedxml - vulnerable to XML entity expansion attacks if file is malicious
[2026-04-10 11:00:15] [WARNING ] Parsing without defusedxml - vulnerable to XML entity expansion attacks if file is malicious
[2026-04-10 11:00:15] [WARNING ] Parsing without defusedxml - vulnerable to XML entity expansion attacks if file is malicious
[2026-04-10 11:00:15] [WARNING ] Parsing without defusedxml - vulnerable to XML entity expansion attacks if file is malicious
[2026-04-10 11:00:15] [WARNING ] Parsing without defusedxml - vulnerable to XML entity expansion attacks if file is malicious
[2026-04-10 11:00:15] [WARNING ] Parsing without defusedxml - vulnerable to XML entity expansion attacks if file is malicious
[2026-04-10 11:00:15] [WARNING ] Parsing without defusedxml - vulnerable to XML entity expansion attacks if file is malicious
[2026-04-10 11:00:15] [WARNING ] Parsing without defusedxml - vulnerable to XML entity expansion attacks if file is malicious
[2026-04-10 11:00:15] [WARNING ] Parsing without defusedxml - vulnerable to XML entity expansion attacks if file is malicious
[2026-04-10 11:00:15] [WARNING ] Parsing without defusedxml - vulnerable to XML entity expansion attacks if file is malicious
[2026-04-10 11:00:15] [WARNING ] Parsing without defusedxml - vulnerable to XML entity expansion attacks if file is malicious
[2026-04-10 11:00:15] [WARNING ] Parsing without defusedxml - vulnerable to XML entity expansion attacks if file is malicious
[2026-04-10 11:00:15] [WARNING ] Parsing without defusedxml - vulnerable to XML entity expansion attacks if file is malicious
[2026-04-10 11:00:15] [WARNING ] Parsing without defusedxml - vulnerable to XML entity expansion attacks if file is malicious
[2026-04-10 11:00:15] [WARNING ] Parsing without defusedxml - vulnerable to XML entity expansion attacks if file is malicious
[2026-04-10 11:00:15] [WARNING ] Parsing without defusedxml - vulnerable to XML entity expansion attacks if file is malicious
[2026-04-10 11:00:15] [WARNING ] Parsing without defusedxml - vulnerable to XML entity expansion attacks if file is malicious
[2026-04-10 11:00:15] [WARNING ] Parsing without defusedxml - vulnerable to XML entity expansion attacks if file is malicious
[2026-04-10 11:00:15] [WARNING ] Parsing without defusedxml - vulnerable to XML entity expansion attacks if file is malicious
[2026-04-10 11:00:15] [WARNING ] Parsing without defusedxml - vulnerable to XML entity expansion attacks if file is malicious
[2026-04-10 11:00:15] [WARNING ] Parsing without defusedxml - vulnerable to XML entity expansion attacks if file is malicious
[2026-04-10 11:00:15] [WARNING ] Parsing without defusedxml - vulnerable to XML entity expansion attacks if file is malicious
[2026-04-10 11:00:15] [WARNING ] Parsing without defusedxml - vulnerable to XML entity expansion attacks if file is malicious
[2026-04-10 11:00:15] [WARNING ] Parsing without defusedxml - vulnerable to XML entity expansion attacks if file is malicious
[2026-04-10 11:00:15] [WARNING ] Parsing without defusedxml - vulnerable to XML entity expansion attacks if file is malicious
[2026-04-10 11:00:15] [WARNING ] Parsing without defusedxml - vulnerable to XML entity expansion attacks if file is malicious
[2026-04-10 11:00:15] [WARNING ] Parsing without defusedxml - vulnerable to XML entity expansion attacks if file is malicious
[2026-04-10 11:00:15] [WARNING ] Parsing without defusedxml - vulnerable to XML entity expansion attacks if file is malicious
[2026-04-10 11:00:15] [WARNING ] Parsing without defusedxml - vulnerable to XML entity expansion attacks if file is malicious
[2026-04-10 11:00:15] [WARNING ] Parsing without defusedxml - vulnerable to XML entity expansion attacks if file is malicious
[2026-04-10 11:00:15] [WARNING ] Parsing without defusedxml - vulnerable to XML entity expansion attacks if file is malicious
[2026-04-10 11:00:15] [WARNING ] Parsing without defusedxml - vulnerable to XML entity expansion attacks if file is malicious
[2026-04-10 11:00:15] [WARNING ] Parsing without defusedxml - vulnerable to XML entity expansion attacks if file is malicious
[2026-04-10 11:00:15] [WARNING ] Parsing without defusedxml - vulnerable to XML entity expansion attacks if file is malicious
[2026-04-10 11:00:15] [WARNING ] Parsing without defusedxml - vulnerable to XML entity expansion attacks if file is malicious
[2026-04-10 11:00:15] [WARNING ] Parsing without defusedxml - vulnerable to XML entity expansion attacks if file is malicious
[2026-04-10 11:00:15] [WARNING ] Parsing without defusedxml - vulnerable to XML entity expansion attacks if file is malicious
[2026-04-10 11:00:15] [WARNING ] Parsing without defusedxml - vulnerable to XML entity expansion attacks if file is malicious
[2026-04-10 11:00:15] [WARNING ] Parsing without defusedxml - vulnerable to XML entity expansion attacks if file is malicious
[2026-04-10 11:00:15] [WARNING ] Parsing without defusedxml - vulnerable to XML entity expansion attacks if file is malicious
[2026-04-10 11:00:15] [WARNING ] Parsing without defusedxml - vulnerable to XML entity expansion attacks if file is malicious
[2026-04-10 11:00:15] [WARNING ] Parsing without defusedxml - vulnerable to XML entity expansion attacks if file is malicious
[2026-04-10 11:00:15] [WARNING ] Parsing without defusedxml - vulnerable to XML entity expansion attacks if file is malicious
[2026-04-10 11:00:15] [WARNING ] Parsing without defusedxml - vulnerable to XML entity expansion attacks if file is malicious
[2026-04-10 11:00:15] [WARNING ] Parsing without defusedxml - vulnerable to XML entity expansion attacks if file is malicious
[2026-04-10 11:00:15] [WARNING ] Parsing without defusedxml - vulnerable to XML entity expansion attacks if file is malicious
[2026-04-10 11:00:15] [WARNING ] Parsing without defusedxml - vulnerable to XML entity expansion attacks if file is malicious
[2026-04-10 11:00:15] [WARNING ] Parsing without defusedxml - vulnerable to XML entity expansion attacks if file is malicious
[2026-04-10 11:00:15] [WARNING ] Parsing without defusedxml - vulnerable to XML entity expansion attacks if file is malicious
[2026-04-10 11:00:15] [WARNING ] Parsing without defusedxml - vulnerable to XML entity expansion attacks if file is malicious
[2026-04-10 11:00:15] [WARNING ] Parsing without defusedxml - vulnerable to XML entity expansion attacks if file is malicious
[2026-04-10 11:00:15] [WARNING ] Parsing without defusedxml - vulnerable to XML entity expansion attacks if file is malicious
[2026-04-10 11:00:15] [WARNING ] Parsing without defusedxml - vulnerable to XML entity expansion attacks if file is malicious
[2026-04-10 11:00:15] [WARNING ] Parsing without defusedxml - vulnerable to XML entity expansion attacks if file is malicious
[2026-04-10 11:00:15] [WARNING ] Parsing without defusedxml - vulnerable to XML entity expansion attacks if file is malicious
[2026-04-10 11:00:15] [WARNING ] Parsing without defusedxml - vulnerable to XML entity expansion attacks if file is malicious
[2026-04-10 11:00:15] [WARNING ] Parsing without defusedxml - vulnerable to XML entity expansion attacks if file is malicious
[2026-04-10 11:00:15] [WARNING ] Parsing without defusedxml - vulnerable to XML entity expansion attacks if file is malicious
[2026-04-10 11:00:15] [WARNING ] Parsing without defusedxml - vulnerable to XML entity expansion attacks if file is malicious
[2026-04-10 11:00:15] [WARNING ] Parsing without defusedxml - vulnerable to XML entity expansion attacks if file is malicious
[2026-04-10 11:00:15] [WARNING ] Parsing without defusedxml - vulnerable to XML entity expansion attacks if file is malicious
[2026-04-10 11:00:15] [WARNING ] Parsing without defusedxml - vulnerable to XML entity expansion attacks if file is malicious
[2026-04-10 11:00:15] [WARNING ] Parsing without defusedxml - vulnerable to XML entity expansion attacks if file is malicious
[2026-04-10 11:00:15] [WARNING ] Parsing without defusedxml - vulnerable to XML entity expansion attacks if file is malicious
[2026-04-10 11:00:15] [WARNING ] Parsing without defusedxml - vulnerable to XML entity expansion attacks if file is malicious
[2026-04-10 11:00:15] [WARNING ] Parsing without defusedxml - vulnerable to XML entity expansion attacks if file is malicious
[2026-04-10 11:00:15] [WARNING ] Parsing without defusedxml - vulnerable to XML entity expansion attacks if file is malicious
[2026-04-10 11:00:15] [WARNING ] Parsing without defusedxml - vulnerable to XML entity expansion attacks if file is malicious
[2026-04-10 11:00:15] [WARNING ] Parsing without defusedxml - vulnerable to XML entity expansion attacks if file is malicious
[2026-04-10 11:00:15] [WARNING ] Parsing without defusedxml - vulnerable to XML entity expansion attacks if file is malicious
[2026-04-10 11:00:15] [WARNING ] Parsing without defusedxml - vulnerable to XML entity expansion attacks if file is malicious
[2026-04-10 11:00:15] [WARNING ] Parsing without defusedxml - vulnerable to XML entity expansion attacks if file is malicious
[2026-04-10 11:00:15] [WARNING ] Parsing without defusedxml - vulnerable to XML entity expansion attacks if file is malicious
[2026-04-10 11:00:15] [WARNING ] Parsing without defusedxml - vulnerable to XML entity expansion attacks if file is malicious
[2026-04-10 11:00:15] [WARNING ] Parsing without defusedxml - vulnerable to XML entity expansion attacks if file is malicious
[2026-04-10 11:00:15] [WARNING ] Parsing without defusedxml - vulnerable to XML entity expansion attacks if file is malicious
[2026-04-10 11:00:15] [WARNING ] Parsing without defusedxml - vulnerable to XML entity expansion attacks if file is malicious
[2026-04-10 11:00:15] [WARNING ] Parsing without defusedxml - vulnerable to XML entity expansion attacks if file is malicious
[2026-04-10 11:00:15] [WARNING ] Parsing without defusedxml - vulnerable to XML entity expansion attacks if file is malicious
[2026-04-10 11:00:15] [WARNING ] Parsing without defusedxml - vulnerable to XML entity expansion attacks if file is malicious
[2026-04-10 11:00:15] [WARNING ] Parsing without defusedxml - vulnerable to XML entity expansion attacks if file is malicious
[2026-04-10 11:00:15] [WARNING ] Parsing without defusedxml - vulnerable to XML entity expansion attacks if file is malicious
[2026-04-10 11:00:15] [WARNING ] Parsing without defusedxml - vulnerable to XML entity expansion attacks if file is malicious
[2026-04-10 11:00:15] [WARNING ] Parsing without defusedxml - vulnerable to XML entity expansion attacks if file is malicious
[2026-04-10 11:00:15] [WARNING ] Parsing without defusedxml - vulnerable to XML entity expansion attacks if file is malicious
[2026-04-10 11:00:15] [WARNING ] Parsing without defusedxml - vulnerable to XML entity expansion attacks if file is malicious
[2026-04-10 11:00:15] [WARNING ] Parsing without defusedxml - vulnerable to XML entity expansion attacks if file is malicious
[2026-04-10 11:00:15] [WARNING ] Parsing without defusedxml - vulnerable to XML entity expansion attacks if file is malicious
[2026-04-10 11:00:15] [WARNING ] Parsing without defusedxml - vulnerable to XML entity expansion attacks if file is malicious
[2026-04-10 11:00:15] [WARNING ] Parsing without defusedxml - vulnerable to XML entity expansion attacks if file is malicious
[2026-04-10 11:00:15] [WARNING ] Parsing without defusedxml - vulnerable to XML entity expansion attacks if file is malicious
[2026-04-10 11:00:15] [WARNING ] Parsing without defusedxml - vulnerable to XML entity expansion attacks if file is malicious
[2026-04-10 11:00:15] [WARNING ] Parsing without defusedxml - vulnerable to XML entity expansion attacks if file is malicious
[2026-04-10 11:00:15] [WARNING ] Parsing without defusedxml - vulnerable to XML entity expansion attacks if file is malicious
[2026-04-10 11:00:15] [WARNING ] Parsing without defusedxml - vulnerable to XML entity expansion attacks if file is malicious
[2026-04-10 11:00:15] [WARNING ] Parsing without defusedxml - vulnerable to XML entity expansion attacks if file is malicious
[2026-04-10 11:00:15] [WARNING ] Parsing without defusedxml - vulnerable to XML entity expansion attacks if file is malicious
[2026-04-10 11:00:15] [WARNING ] Parsing without defusedxml - vulnerable to XML entity expansion attacks if file is malicious
[2026-04-10 11:00:15] [WARNING ] Parsing without defusedxml - vulnerable to XML entity expansion attacks if file is malicious
[2026-04-10 11:00:15] [WARNING ] Parsing without defusedxml - vulnerable to XML entity expansion attacks if file is malicious
[2026-04-10 11:00:15] [WARNING ] Parsing without defusedxml - vulnerable to XML entity expansion attacks if file is malicious
[2026-04-10 11:00:15] [WARNING ] Parsing without defusedxml - vulnerable to XML entity expansion attacks if file is malicious
[2026-04-10 11:00:15] [WARNING ] Parsing without defusedxml - vulnerable to XML entity expansion attacks if file is malicious
[2026-04-10 11:00:15] [WARNING ] Parsing without defusedxml - vulnerable to XML entity expansion attacks if file is malicious
[2026-04-10 11:00:15] [WARNING ] Parsing without defusedxml - vulnerable to XML entity expansion attacks if file is malicious
[2026-04-10 11:00:15] [WARNING ] Parsing without defusedxml - vulnerable to XML entity expansion attacks if file is malicious
[2026-04-10 11:00:15] [WARNING ] Parsing without defusedxml - vulnerable to XML entity expansion attacks if file is malicious
[2026-04-10 11:00:15] [WARNING ] Parsing without defusedxml - vulnerable to XML entity expansion attacks if file is malicious
[2026-04-10 11:00:15] [WARNING ] Parsing without defusedxml - vulnerable to XML entity expansion attacks if file is malicious
[2026-04-10 11:00:15] [WARNING ] Parsing without defusedxml - vulnerable to XML entity expansion attacks if file is malicious
[2026-04-10 11:00:15] [WARNING ] Parsing without defusedxml - vulnerable to XML entity expansion attacks if file is malicious
[2026-04-10 11:00:15] [WARNING ] Parsing without defusedxml - vulnerable to XML entity expansion attacks if file is malicious
[2026-04-10 11:00:15] [WARNING ] Parsing without defusedxml - vulnerable to XML entity expansion attacks if file is malicious
[2026-04-10 11:00:15] [WARNING ] Parsing without defusedxml - vulnerable to XML entity expansion attacks if file is malicious
[2026-04-10 11:00:15] [WARNING ] Parsing without defusedxml - vulnerable to XML entity expansion attacks if file is malicious
[2026-04-10 11:00:15] [WARNING ] Parsing without defusedxml - vulnerable to XML entity expansion attacks if file is malicious
[2026-04-10 11:00:15] [WARNING ] Parsing without defusedxml - vulnerable to XML entity expansion attacks if file is malicious
[2026-04-10 11:00:15] [WARNING ] Parsing without defusedxml - vulnerable to XML entity expansion attacks if file is malicious
[2026-04-10 11:00:15] [WARNING ] Parsing without defusedxml - vulnerable to XML entity expansion attacks if file is malicious
[2026-04-10 11:00:15] [WARNING ] Parsing without defusedxml - vulnerable to XML entity expansion attacks if file is malicious
[2026-04-10 11:00:15] [WARNING ] Parsing without defusedxml - vulnerable to XML entity expansion attacks if file is malicious
[2026-04-10 11:00:15] [WARNING ] Parsing without defusedxml - vulnerable to XML entity expansion attacks if file is malicious
[2026-04-10 11:00:15] [WARNING ] Parsing without defusedxml - vulnerable to XML entity expansion attacks if file is malicious
[2026-04-10 11:00:15] [WARNING ] Parsing without defusedxml - vulnerable to XML entity expansion attacks if file is malicious
[2026-04-10 11:00:15] [WARNING ] Parsing without defusedxml - vulnerable to XML entity expansion attacks if file is malicious
[2026-04-10 11:00:15] [WARNING ] Parsing without defusedxml - vulnerable to XML entity expansion attacks if file is malicious
[2026-04-10 11:00:15] [WARNING ] Parsing without defusedxml - vulnerable to XML entity expansion attacks if file is malicious
[2026-04-10 11:00:15] [WARNING ] Parsing without defusedxml - vulnerable to XML entity expansion attacks if file is malicious
[2026-04-10 11:00:15] [WARNING ] Parsing without defusedxml - vulnerable to XML entity expansion attacks if file is malicious
[2026-04-10 11:00:15] [WARNING ] Parsing without defusedxml - vulnerable to XML entity expansion attacks if file is malicious
[2026-04-10 11:00:15] [INFO    ] [op=load_fix_results, file=results.json] Loading remediation results JSON
[2026-04-10 11:00:15] [INFO    ] [op=load_fix_results, file=results.json] Loaded 1000 unique results from 1000 total entries (skipped 0)
[2026-04-10 11:00:15] [INFO    ] [op=apply_results, file=large_1000.ckl] Applying remediation results to checklist (1000 vulns)
[2026-04-10 11:00:15] [WARNING ] [op=apply_results, file=large_1000.ckl] Parsing without defusedxml - vulnerable to XML entity expansion attacks if file is malicious
[2026-04-10 11:00:15] [INFO    ] [op=apply_results, file=large_1000.ckl] Checklist updated and saved to C:\Users\Madden\AppData\Local\Temp\bench_y10o2_fh\large_1000_updated.ckl
[2026-04-10 11:00:15] [INFO    ] [op=extract_fix, file=test_benchmark.xml] Extracting fix information
[2026-04-10 11:00:15] [WARNING ] [op=extract_fix, file=test_benchmark.xml] Parsing without defusedxml - vulnerable to XML entity expansion attacks if file is malicious
[2026-04-10 11:00:15] [INFO    ] [op=extract_fix, file=test_benchmark.xml] Extracted 1 fixes (1 with actionable commands)
[2026-04-10 11:00:15] [INFO    ] [op=extract_fix, file=test_benchmark.xml] Extracting fix information
[2026-04-10 11:00:15] [WARNING ] [op=extract_fix, file=test_benchmark.xml] Parsing without defusedxml - vulnerable to XML entity expansion attacks if file is malicious
[2026-04-10 11:00:16] [INFO    ] [op=extract_fix, file=test_benchmark.xml] Extracted 1 fixes (1 with actionable commands)
[2026-04-10 11:00:16] [INFO    ] Bash remediation script generated: C:\Users\Madden\AppData\Local\Temp\tmpd_sj5p3u\out.sh (1 fixes)
[2026-04-10 11:00:16] [INFO    ] [op=extract_fix, file=test_benchmark.xml] Extracting fix information
[2026-04-10 11:00:16] [WARNING ] [op=extract_fix, file=test_benchmark.xml] Parsing without defusedxml - vulnerable to XML entity expansion attacks if file is malicious
[2026-04-10 11:00:16] [INFO    ] [op=extract_fix, file=test_benchmark.xml] Extracted 1 fixes (1 with actionable commands)
[2026-04-10 11:00:16] [INFO    ] Fixes exported to CSV: C:\Users\Madden\AppData\Local\Temp\tmp6y4lgws8\out.csv
[2026-04-10 11:00:16] [INFO    ] [op=extract_fix, file=test_benchmark.xml] Extracting fix information
[2026-04-10 11:00:16] [WARNING ] [op=extract_fix, file=test_benchmark.xml] Parsing without defusedxml - vulnerable to XML entity expansion attacks if file is malicious
[2026-04-10 11:00:16] [INFO    ] [op=extract_fix, file=test_benchmark.xml] Extracted 1 fixes (1 with actionable commands)
[2026-04-10 11:00:16] [INFO    ] Fixes exported to JSON: C:\Users\Madden\AppData\Local\Temp\tmp3s3mezpq\out.json
[2026-04-10 11:00:16] [INFO    ] [op=extract_fix, file=test_benchmark.xml] Extracting fix information
[2026-04-10 11:00:16] [WARNING ] [op=extract_fix, file=test_benchmark.xml] Parsing without defusedxml - vulnerable to XML entity expansion attacks if file is malicious
[2026-04-10 11:00:16] [INFO    ] [op=extract_fix, file=test_benchmark.xml] Extracted 1 fixes (1 with actionable commands)
[2026-04-10 11:00:16] [INFO    ] PowerShell remediation script generated: C:\Users\Madden\AppData\Local\Temp\tmpj5evk9d8\out.ps1 (1 fixes)
[2026-04-10 11:00:16] [INFO    ] [op=load_fix_results, file=results_alt_0.json] Loading remediation results JSON
[2026-04-10 11:00:16] [INFO    ] [op=load_fix_results, file=results_alt_0.json] Loaded 1 unique results from 1 total entries (skipped 0)
[2026-04-10 11:00:16] [INFO    ] [op=load_fix_results, file=results_alt_1.json] Loading remediation results JSON
[2026-04-10 11:00:16] [INFO    ] [op=load_fix_results, file=results_alt_1.json] Loaded 1 unique results from 1 total entries (skipped 0)
[2026-04-10 11:00:16] [INFO    ] [op=load_fix_results, file=results_alt_2.json] Loading remediation results JSON
[2026-04-10 11:00:16] [INFO    ] [op=load_fix_results, file=results_alt_2.json] Loaded 1 unique results from 1 total entries (skipped 0)
[2026-04-10 11:00:16] [INFO    ] [op=load_fix_results, file=results_array.json] Loading remediation results JSON
[2026-04-10 11:00:16] [INFO    ] [op=load_fix_results, file=results_array.json] Loaded 2 unique results from 2 total entries (skipped 0)
[2026-04-10 11:00:16] [INFO    ] [op=load_fix_results, file=results_dedup.json] Loading remediation results JSON
[2026-04-10 11:00:16] [INFO    ] [op=load_fix_results, file=results_dedup.json] Loaded 1 unique results from 2 total entries (skipped 0)
[2026-04-10 11:00:16] [INFO    ] [op=load_fix_results, file=results_empty.json] Loading remediation results JSON
[2026-04-10 11:00:16] [WARNING ] [op=load_fix_results, file=results_empty.json] No entries found in results file
[2026-04-10 11:00:16] [INFO    ] [op=load_fix_results, file=invalid.json] Loading remediation results JSON
[2026-04-10 11:00:16] [INFO    ] [op=load_fix_results, file=results_multisystem.json] Loading remediation results JSON
[2026-04-10 11:00:16] [INFO    ] [op=load_fix_results, file=results_multisystem.json] Detected multi-system format
[2026-04-10 11:00:16] [INFO    ] [op=load_fix_results, file=results_multisystem.json] Loaded 2 unique results from 2 total entries (skipped 0)
[2026-04-10 11:00:16] [INFO    ] [op=load_fix_results, file=results_object.json] Loading remediation results JSON
[2026-04-10 11:00:16] [INFO    ] [op=load_fix_results, file=results_object.json] Loaded 1 unique results from 1 total entries (skipped 0)
[2026-04-10 11:00:16] [INFO    ] [op=load_fix_results, file=results_single.json] Loading remediation results JSON
[2026-04-10 11:00:16] [INFO    ] [op=load_fix_results, file=results_single.json] Loaded 1 unique results from 1 total entries (skipped 0)
[2026-04-10 11:00:16] [INFO    ] [op=load_fix_results, file=unrecognized.json] Loading remediation results JSON
[2026-04-10 11:00:16] [INFO    ] [op=load_fix_results, file=batch1.json] Loading remediation results JSON
[2026-04-10 11:00:16] [INFO    ] [op=load_fix_results, file=batch1.json] Loaded 1 unique results from 1 total entries (skipped 0)
[2026-04-10 11:00:16] [INFO    ] [op=load_fix_results, file=batch2.json] Loading remediation results JSON
[2026-04-10 11:00:16] [INFO    ] [op=load_fix_results, file=batch2.json] Loaded 1 unique results from 1 total entries (skipped 0)
[2026-04-10 11:00:16] [INFO    ] [op=load_fix_results, file=old.json] Loading remediation results JSON
[2026-04-10 11:00:16] [INFO    ] [op=load_fix_results, file=old.json] Loaded 1 unique results from 1 total entries (skipped 0)
[2026-04-10 11:00:16] [INFO    ] [op=load_fix_results, file=new.json] Loading remediation results JSON
[2026-04-10 11:00:16] [INFO    ] [op=load_fix_results, file=new.json] Loaded 1 unique results from 1 total entries (skipped 0)
[2026-04-10 11:00:16] [ERROR   ] Failed to load boilerplate: Expecting value: line 1 column 1 (char 0)
[2026-04-10 11:00:16] [INFO    ] No boilerplate file found, using defaults
[2026-04-10 11:00:16] [INFO    ] Migrated legacy string boilerplates to dictionary format.
[2026-04-10 11:00:16] [INFO    ] Loaded 1 boilerplate templates
[2026-04-10 11:00:16] [INFO    ] Migrated legacy string boilerplates to dictionary format.
[2026-04-10 11:00:16] [INFO    ] Loaded 1 boilerplate templates
[2026-04-10 11:00:16] [WARNING ] Parsing without defusedxml - vulnerable to XML entity expansion attacks if file is malicious
[2026-04-10 11:00:16] [WARNING ] Parsing without defusedxml - vulnerable to XML entity expansion attacks if file is malicious
[2026-04-10 11:00:16] [WARNING ] Parsing without defusedxml - vulnerable to XML entity expansion attacks if file is malicious
[2026-04-10 11:00:16] [WARNING ] Parsing without defusedxml - vulnerable to XML entity expansion attacks if file is malicious
[2026-04-10 11:00:16] [ERROR   ] XML parse error: no element found: line 1, column 23
[2026-04-10 11:00:16] [WARNING ] Parsing without defusedxml - vulnerable to XML entity expansion attacks if file is malicious
[2026-04-10 11:00:16] [WARNING ] Parsing without defusedxml - vulnerable to XML entity expansion attacks if file is malicious
[2026-04-10 11:00:16] [WARNING ] Parsing without defusedxml - vulnerable to XML entity expansion attacks if file is malicious
[2026-04-10 11:00:16] [WARNING ] Parsing without defusedxml - vulnerable to XML entity expansion attacks if file is malicious
[2026-04-10 11:00:16] [WARNING ] Parsing without defusedxml - vulnerable to XML entity expansion attacks if file is malicious
[2026-04-10 11:00:16] [WARNING ] Parsing without defusedxml - vulnerable to XML entity expansion attacks if file is malicious
[2026-04-10 11:00:16] [WARNING ] Invalid severity 'invalid', defaulting to 'medium'
[2026-04-10 11:00:16] [WARNING ] Invalid severity 'critical', defaulting to 'medium'
[2026-04-10 11:00:22] [INFO    ] Loaded 3 boilerplate templates
[2026-04-10 11:00:22] [ERROR   ] Checklist not found: tests\fixtures\test.ckl
[2026-04-10 11:06:26] [INFO    ] Loaded 3 boilerplate templates
[2026-04-10 11:13:14] [INFO    ] Loaded 3 boilerplate templates
[2026-04-10 11:27:30] [INFO    ] Loaded 3 boilerplate templates
[2026-04-10 11:45:45] [INFO    ] Loaded 3 boilerplate templates
[2026-04-10 12:17:55] [INFO    ] [op=extract_fix, file=U_Cisco_IOS-XE_Switch_L2S_STIG_V3R2_Manual-xccdf.xml] Extracting fix information
[2026-04-10 12:17:55] [WARNING ] [op=extract_fix, file=U_Cisco_IOS-XE_Switch_L2S_STIG_V3R2_Manual-xccdf.xml] Parsing without defusedxml - vulnerable to XML entity expansion attacks if file is malicious
[2026-04-10 12:17:55] [INFO    ] [op=extract_fix, file=U_Cisco_IOS-XE_Switch_L2S_STIG_V3R2_Manual-xccdf.xml] Extracted 22 fixes (22 with actionable commands)
[2026-04-10 12:17:55] [INFO    ] Fixes exported to JSON: C:\Users\Madden\Desktop\_Personal_GitHub_Repos\STIG_Script\test_extractor_output.json
[2026-04-10 12:21:52] [INFO    ] Loaded 3 boilerplate templates
[2026-04-10 12:21:58] [INFO    ] Loaded 3 boilerplate templates
[2026-04-10 12:22:04] [INFO    ] Loaded 3 boilerplate templates
[2026-04-10 12:22:04] [WARNING ] Parsing without defusedxml - vulnerable to XML entity expansion attacks if file is malicious
[2026-04-10 12:22:04] [WARNING ] Parsing without defusedxml - vulnerable to XML entity expansion attacks if file is malicious
[2026-04-10 12:24:35] [INFO    ] Loaded 3 boilerplate templates
[2026-04-10 12:24:57] [INFO    ] Loaded 3 boilerplate templates
[2026-04-10 12:25:02] [INFO    ] Loaded 3 boilerplate templates
[2026-04-10 12:25:09] [INFO    ] Loaded 3 boilerplate templates
[2026-04-10 12:25:23] [INFO    ] Loaded 3 boilerplate templates
[2026-04-10 12:25:23] [WARNING ] Parsing without defusedxml - vulnerable to XML entity expansion attacks if file is malicious
[2026-04-10 12:25:58] [INFO    ] Loaded 3 boilerplate templates
[2026-04-10 12:25:58] [WARNING ] Parsing without defusedxml - vulnerable to XML entity expansion attacks if file is malicious
[2026-04-10 12:37:26] [INFO    ] Loaded 3 boilerplate templates
[2026-04-10 12:37:53] [INFO    ] Loaded 3 boilerplate templates
[2026-04-10 12:48:43] [INFO    ] Loaded 3 boilerplate templates
